<?xml version="1.0" encoding="UTF-8"?>
<testng-results ignored="0" total="1" passed="1" failed="0" skipped="0">
  <reporter-output>
  </reporter-output>
  <suite started-at="2021-06-29T20:30:23 PDT" name="Surefire suite" finished-at="2021-06-29T20:31:16 PDT" duration-ms="53331">
    <groups>
      <group name="cucumber">
        <method signature="AbstractTestNGCucumberTests.feature(cucumber.api.testng.CucumberFeatureWrapper)[pri:0, instance:TestRunnerr.TestRunneerrr@4802796d]" name="feature" class="cucumber.api.testng.AbstractTestNGCucumberTests"/>
      </group> <!-- cucumber -->
    </groups>
    <test started-at="2021-06-29T20:30:23 PDT" name="Surefire test" finished-at="2021-06-29T20:31:16 PDT" duration-ms="53331">
      <class name="TestRunnerr.TestRunneerrr">
        <test-method is-config="true" signature="setUpClass()[pri:0, instance:TestRunnerr.TestRunneerrr@4802796d]" started-at="2021-06-29T20:30:23 PDT" name="setUpClass" finished-at="2021-06-29T20:30:23 PDT" duration-ms="756" status="PASS">
          <reporter-output>
          </reporter-output>
        </test-method> <!-- setUpClass -->
        <test-method signature="feature(cucumber.api.testng.CucumberFeatureWrapper)[pri:0, instance:TestRunnerr.TestRunneerrr@4802796d]" started-at="2021-06-29T20:30:24 PDT" name="feature" description="Runs Cucumber Feature" data-provider="features" finished-at="2021-06-29T20:31:16 PDT" duration-ms="52229" status="PASS">
          <params>
            <param index="0">
              <value>
                <![CDATA[Search functionality]]>
              </value>
            </param>
          </params>
          <reporter-output>
          </reporter-output>
        </test-method> <!-- feature -->
        <test-method is-config="true" signature="tearDownClass()[pri:0, instance:TestRunnerr.TestRunneerrr@4802796d]" started-at="2021-06-29T20:31:16 PDT" name="tearDownClass" finished-at="2021-06-29T20:31:16 PDT" duration-ms="69" status="PASS">
          <reporter-output>
          </reporter-output>
        </test-method> <!-- tearDownClass -->
      </class> <!-- TestRunnerr.TestRunneerrr -->
    </test> <!-- Surefire test -->
  </suite> <!-- Surefire suite -->
</testng-results>
