<?xml version="1.0" encoding="UTF-8"?>
<testng-results ignored="0" total="1" passed="1" failed="0" skipped="0">
  <reporter-output>
  </reporter-output>
  <suite started-at="2021-08-06T18:47:24 PDT" name="Default suite" finished-at="2021-08-06T18:48:00 PDT" duration-ms="36115">
    <groups>
      <group name="cucumber">
        <method signature="AbstractTestNGCucumberTests.feature(cucumber.api.testng.CucumberFeatureWrapper)[pri:0, instance:TestRunnerr.TestRunneerrr@3a6bb9bf]" name="feature" class="cucumber.api.testng.AbstractTestNGCucumberTests"/>
      </group> <!-- cucumber -->
    </groups>
    <test started-at="2021-08-06T18:47:24 PDT" name="Default test" finished-at="2021-08-06T18:48:00 PDT" duration-ms="36115">
      <class name="TestRunnerr.TestRunneerrr">
        <test-method is-config="true" signature="setUpClass()[pri:0, instance:TestRunnerr.TestRunneerrr@3a6bb9bf]" started-at="2021-08-06T18:47:24 PDT" name="setUpClass" finished-at="2021-08-06T18:47:25 PDT" duration-ms="564" status="PASS">
          <reporter-output>
          </reporter-output>
        </test-method> <!-- setUpClass -->
        <test-method signature="feature(cucumber.api.testng.CucumberFeatureWrapper)[pri:0, instance:TestRunnerr.TestRunneerrr@3a6bb9bf]" started-at="2021-08-06T18:47:25 PDT" name="feature" description="Runs Cucumber Feature" data-provider="features" finished-at="2021-08-06T18:48:00 PDT" duration-ms="35136" status="PASS">
          <params>
            <param index="0">
              <value>
                <![CDATA[Search functionality]]>
              </value>
            </param>
          </params>
          <reporter-output>
          </reporter-output>
        </test-method> <!-- feature -->
        <test-method is-config="true" signature="tearDownClass()[pri:0, instance:TestRunnerr.TestRunneerrr@3a6bb9bf]" started-at="2021-08-06T18:48:00 PDT" name="tearDownClass" finished-at="2021-08-06T18:48:00 PDT" duration-ms="95" status="PASS">
          <reporter-output>
          </reporter-output>
        </test-method> <!-- tearDownClass -->
      </class> <!-- TestRunnerr.TestRunneerrr -->
    </test> <!-- Default test -->
  </suite> <!-- Default suite -->
</testng-results>
